c:\users\emil aliyev\source\repos\ecs175project3\project2\debug\vc141.pdb
c:\users\emil aliyev\source\repos\ecs175project3\project2\debug\vc141.idb
c:\users\emil aliyev\source\repos\ecs175project3\project2\debug\world.obj
c:\users\emil aliyev\source\repos\ecs175project3\project2\debug\vertex.obj
c:\users\emil aliyev\source\repos\ecs175project3\project2\debug\unit.obj
c:\users\emil aliyev\source\repos\ecs175project3\project2\debug\triangle.obj
c:\users\emil aliyev\source\repos\ecs175project3\project2\debug\projection.obj
c:\users\emil aliyev\source\repos\ecs175project3\project2\debug\polygon.obj
c:\users\emil aliyev\source\repos\ecs175project3\project2\debug\pixelplane.obj
c:\users\emil aliyev\source\repos\ecs175project3\project2\debug\main.obj
c:\users\emil aliyev\source\repos\ecs175project3\project2\debug\line.obj
c:\users\emil aliyev\source\repos\ecs175project3\debug\project3.exe
c:\users\emil aliyev\source\repos\ecs175project3\debug\project3.ilk
c:\users\emil aliyev\source\repos\ecs175project3\debug\project3.pdb
c:\users\emil aliyev\source\repos\ecs175project3\project2\debug\project3.tlog\cl.command.1.tlog
c:\users\emil aliyev\source\repos\ecs175project3\project2\debug\project3.tlog\cl.read.1.tlog
c:\users\emil aliyev\source\repos\ecs175project3\project2\debug\project3.tlog\cl.write.1.tlog
c:\users\emil aliyev\source\repos\ecs175project3\project2\debug\project3.tlog\link.command.1.tlog
c:\users\emil aliyev\source\repos\ecs175project3\project2\debug\project3.tlog\link.read.1.tlog
c:\users\emil aliyev\source\repos\ecs175project3\project2\debug\project3.tlog\link.write.1.tlog
